running egg_info
writing build/fishbot_description/fishbot_description.egg-info/PKG-INFO
writing dependency_links to build/fishbot_description/fishbot_description.egg-info/dependency_links.txt
writing entry points to build/fishbot_description/fishbot_description.egg-info/entry_points.txt
writing requirements to build/fishbot_description/fishbot_description.egg-info/requires.txt
writing top-level names to build/fishbot_description/fishbot_description.egg-info/top_level.txt
reading manifest file 'build/fishbot_description/fishbot_description.egg-info/SOURCES.txt'
writing manifest file 'build/fishbot_description/fishbot_description.egg-info/SOURCES.txt'
running build
running build_py
copying fishbot_description/rotate_wheel.py -> /home/w0x7ce/Desktop/AROSRVIZ/chapt8_ws/fishbot_description/build/fishbot_description/build/lib/fishbot_description
running install
/usr/lib/python3/dist-packages/setuptools/command/install.py:34: SetuptoolsDeprecationWarning: setup.py install is deprecated. Use build and pip and other standards-based tools.
  warnings.warn(
running install_lib
copying /home/w0x7ce/Desktop/AROSRVIZ/chapt8_ws/fishbot_description/build/fishbot_description/build/lib/fishbot_description/rotate_wheel.py -> /home/w0x7ce/Desktop/AROSRVIZ/chapt8_ws/fishbot_description/install/fishbot_description/lib/python3.10/site-packages/fishbot_description
byte-compiling /home/w0x7ce/Desktop/AROSRVIZ/chapt8_ws/fishbot_description/install/fishbot_description/lib/python3.10/site-packages/fishbot_description/rotate_wheel.py to rotate_wheel.cpython-310.pyc
running install_data
running install_egg_info
removing '/home/w0x7ce/Desktop/AROSRVIZ/chapt8_ws/fishbot_description/install/fishbot_description/lib/python3.10/site-packages/fishbot_description-0.0.0-py3.10.egg-info' (and everything under it)
Copying build/fishbot_description/fishbot_description.egg-info to /home/w0x7ce/Desktop/AROSRVIZ/chapt8_ws/fishbot_description/install/fishbot_description/lib/python3.10/site-packages/fishbot_description-0.0.0-py3.10.egg-info
running install_scripts
writing list of installed files to '/home/w0x7ce/Desktop/AROSRVIZ/chapt8_ws/fishbot_description/build/fishbot_description/install.log'
