[5.830s] DEBUG:colcon:Command line arguments: ['/home/w0x7ce/.local/bin/colcon', 'build']
[5.830s] DEBUG:colcon:Parsed command line arguments: Namespace(ament_cmake_args=None, base_paths=['.'], build_base='build', catkin_cmake_args=None, catkin_skip_building_tests=False, cmake_args=None, cmake_clean_cache=False, cmake_clean_first=False, cmake_force_configure=False, cmake_target=None, cmake_target_skip_unavailable=False, continue_on_error=False, event_handlers=None, executor='parallel', ignore_user_meta=False, install_base='install', log_base=None, log_level=None, main=<bound method BuildVerb.main of <colcon_core.verb.build.BuildVerb object at 0x7ff20ebe1d10>>, merge_install=False, metas=['./colcon.meta'], packages_above=None, packages_above_and_dependencies=None, packages_above_depth=None, packages_end=None, packages_ignore=None, packages_ignore_regex=None, packages_select=None, packages_select_build_failed=False, packages_select_by_dep=None, packages_select_regex=None, packages_select_test_failures=False, packages_skip=None, packages_skip_build_finished=False, packages_skip_by_dep=None, packages_skip_regex=None, packages_skip_test_passed=False, packages_skip_up_to=None, packages_start=None, packages_up_to=None, packages_up_to_regex=None, parallel_workers=4, paths=None, symlink_install=False, test_result_base=None, verb_extension=<colcon_core.verb.build.BuildVerb object at 0x7ff20ebe1d10>, verb_name='build', verb_parser=<colcon_defaults.argument_parser.defaults.DefaultArgumentsDecorator object at 0x7ff20eb31f10>)
[6.818s] Level 1:colcon.colcon_core.package_discovery:discover_packages(colcon_meta) check parameters
[6.818s] Level 1:colcon.colcon_core.package_discovery:discover_packages(recursive) check parameters
[6.819s] Level 1:colcon.colcon_core.package_discovery:discover_packages(ignore) check parameters
[6.819s] Level 1:colcon.colcon_core.package_discovery:discover_packages(path) check parameters
[6.819s] Level 1:colcon.colcon_core.package_discovery:discover_packages(colcon_meta) discover
[6.819s] Level 1:colcon.colcon_core.package_discovery:discover_packages(recursive) discover
[6.819s] INFO:colcon.colcon_core.package_discovery:Crawling recursively for packages in '/home/w0x7ce/Desktop/AROSRVIZ/chapt8_ws/fishbot_description'
[6.820s] Level 1:colcon.colcon_core.package_identification:_identify(.) by extensions ['ignore', 'ignore_ament_install']
[6.820s] Level 1:colcon.colcon_core.package_identification:_identify(.) by extension 'ignore'
[6.820s] Level 1:colcon.colcon_core.package_identification:_identify(.) by extension 'ignore_ament_install'
[6.820s] Level 1:colcon.colcon_core.package_identification:_identify(.) by extensions ['colcon_pkg']
[6.820s] Level 1:colcon.colcon_core.package_identification:_identify(.) by extension 'colcon_pkg'
[6.820s] Level 1:colcon.colcon_core.package_identification:_identify(.) by extensions ['colcon_meta']
[6.820s] Level 1:colcon.colcon_core.package_identification:_identify(.) by extension 'colcon_meta'
[6.821s] Level 1:colcon.colcon_core.package_identification:_identify(.) by extensions ['ros']
[6.821s] Level 1:colcon.colcon_core.package_identification:_identify(.) by extension 'ros'
[7.049s] DEBUG:colcon.colcon_core.package_identification:Package '.' with type 'ros.ament_python' and name 'fishbot_description'
[7.049s] Level 1:colcon.colcon_core.package_discovery:discover_packages(recursive) using defaults
[7.049s] Level 1:colcon.colcon_core.package_discovery:discover_packages(ignore) discover
[7.049s] Level 1:colcon.colcon_core.package_discovery:discover_packages(ignore) using defaults
[7.049s] Level 1:colcon.colcon_core.package_discovery:discover_packages(path) discover
[7.049s] Level 1:colcon.colcon_core.package_discovery:discover_packages(path) using defaults
[7.503s] Level 5:colcon.colcon_core.verb:set package 'fishbot_description' build argument 'cmake_args' from command line to 'None'
[7.503s] Level 5:colcon.colcon_core.verb:set package 'fishbot_description' build argument 'cmake_target' from command line to 'None'
[7.503s] Level 5:colcon.colcon_core.verb:set package 'fishbot_description' build argument 'cmake_target_skip_unavailable' from command line to 'False'
[7.503s] Level 5:colcon.colcon_core.verb:set package 'fishbot_description' build argument 'cmake_clean_cache' from command line to 'False'
[7.503s] Level 5:colcon.colcon_core.verb:set package 'fishbot_description' build argument 'cmake_clean_first' from command line to 'False'
[7.503s] Level 5:colcon.colcon_core.verb:set package 'fishbot_description' build argument 'cmake_force_configure' from command line to 'False'
[7.503s] Level 5:colcon.colcon_core.verb:set package 'fishbot_description' build argument 'ament_cmake_args' from command line to 'None'
[7.503s] Level 5:colcon.colcon_core.verb:set package 'fishbot_description' build argument 'catkin_cmake_args' from command line to 'None'
[7.503s] Level 5:colcon.colcon_core.verb:set package 'fishbot_description' build argument 'catkin_skip_building_tests' from command line to 'False'
[7.503s] DEBUG:colcon.colcon_core.verb:Building package 'fishbot_description' with the following arguments: {'ament_cmake_args': None, 'build_base': '/home/w0x7ce/Desktop/AROSRVIZ/chapt8_ws/fishbot_description/build/fishbot_description', 'catkin_cmake_args': None, 'catkin_skip_building_tests': False, 'cmake_args': None, 'cmake_clean_cache': False, 'cmake_clean_first': False, 'cmake_force_configure': False, 'cmake_target': None, 'cmake_target_skip_unavailable': False, 'install_base': '/home/w0x7ce/Desktop/AROSRVIZ/chapt8_ws/fishbot_description/install/fishbot_description', 'merge_install': False, 'path': '/home/w0x7ce/Desktop/AROSRVIZ/chapt8_ws/fishbot_description', 'symlink_install': False, 'test_result_base': None}
[7.506s] INFO:colcon.colcon_core.executor:Executing jobs using 'parallel' executor
[7.528s] DEBUG:colcon.colcon_parallel_executor.executor.parallel:run_until_complete
[7.528s] INFO:colcon.colcon_ros.task.ament_python.build:Building ROS package in '/home/w0x7ce/Desktop/AROSRVIZ/chapt8_ws/fishbot_description' with build type 'ament_python'
[7.528s] Level 1:colcon.colcon_core.shell:create_environment_hook('fishbot_description', 'ament_prefix_path')
[7.625s] INFO:colcon.colcon_core.plugin_system:Skipping extension 'colcon_core.shell.bat': Not used on non-Windows systems
[7.625s] INFO:colcon.colcon_core.shell:Creating environment hook '/home/w0x7ce/Desktop/AROSRVIZ/chapt8_ws/fishbot_description/install/fishbot_description/share/fishbot_description/hook/ament_prefix_path.ps1'
[7.643s] INFO:colcon.colcon_core.shell:Creating environment descriptor '/home/w0x7ce/Desktop/AROSRVIZ/chapt8_ws/fishbot_description/install/fishbot_description/share/fishbot_description/hook/ament_prefix_path.dsv'
[7.667s] INFO:colcon.colcon_core.shell:Creating environment hook '/home/w0x7ce/Desktop/AROSRVIZ/chapt8_ws/fishbot_description/install/fishbot_description/share/fishbot_description/hook/ament_prefix_path.sh'
[7.713s] INFO:colcon.colcon_core.shell:Skip shell extension 'powershell' for command environment: Not usable outside of PowerShell
[7.713s] DEBUG:colcon.colcon_core.shell:Skip shell extension 'dsv' for command environment
[8.478s] INFO:colcon.colcon_core.task.python.build:Building Python package in '/home/w0x7ce/Desktop/AROSRVIZ/chapt8_ws/fishbot_description'
[8.488s] INFO:colcon.colcon_core.shell:Skip shell extension 'powershell' for command environment: Not usable outside of PowerShell
[8.488s] DEBUG:colcon.colcon_core.shell:Skip shell extension 'dsv' for command environment
[9.807s] DEBUG:colcon.colcon_core.event_handler.log_command:Invoking command in '/home/w0x7ce/Desktop/AROSRVIZ/chapt8_ws/fishbot_description': PYTHONPATH=/home/w0x7ce/Desktop/AROSRVIZ/chapt8_ws/fishbot_description/install/fishbot_description/lib/python3.7/site-packages:${PYTHONPATH} /home/w0x7ce/anaconda3/envs/AA/bin/python setup.py egg_info --egg-base build/fishbot_description build --build-base /home/w0x7ce/Desktop/AROSRVIZ/chapt8_ws/fishbot_description/build/fishbot_description/build install --prefix /home/w0x7ce/Desktop/AROSRVIZ/chapt8_ws/fishbot_description/install/fishbot_description --record /home/w0x7ce/Desktop/AROSRVIZ/chapt8_ws/fishbot_description/build/fishbot_description/install.log --single-version-externally-managed
[10.347s] DEBUG:colcon.colcon_core.event_handler.log_command:Invoked command in '/home/w0x7ce/Desktop/AROSRVIZ/chapt8_ws/fishbot_description' returned '0': PYTHONPATH=/home/w0x7ce/Desktop/AROSRVIZ/chapt8_ws/fishbot_description/install/fishbot_description/lib/python3.7/site-packages:${PYTHONPATH} /home/w0x7ce/anaconda3/envs/AA/bin/python setup.py egg_info --egg-base build/fishbot_description build --build-base /home/w0x7ce/Desktop/AROSRVIZ/chapt8_ws/fishbot_description/build/fishbot_description/build install --prefix /home/w0x7ce/Desktop/AROSRVIZ/chapt8_ws/fishbot_description/install/fishbot_description --record /home/w0x7ce/Desktop/AROSRVIZ/chapt8_ws/fishbot_description/build/fishbot_description/install.log --single-version-externally-managed
[10.678s] Level 1:colcon.colcon_core.environment:checking '/home/w0x7ce/Desktop/AROSRVIZ/chapt8_ws/fishbot_description/install/fishbot_description' for CMake module files
[10.679s] Level 1:colcon.colcon_core.environment:checking '/home/w0x7ce/Desktop/AROSRVIZ/chapt8_ws/fishbot_description/install/fishbot_description' for CMake config files
[10.680s] Level 1:colcon.colcon_core.environment:checking '/home/w0x7ce/Desktop/AROSRVIZ/chapt8_ws/fishbot_description/install/fishbot_description/lib'
[10.680s] Level 1:colcon.colcon_core.environment:checking '/home/w0x7ce/Desktop/AROSRVIZ/chapt8_ws/fishbot_description/install/fishbot_description/bin'
[10.680s] Level 1:colcon.colcon_core.environment:checking '/home/w0x7ce/Desktop/AROSRVIZ/chapt8_ws/fishbot_description/install/fishbot_description/lib/pkgconfig/fishbot_description.pc'
[10.680s] Level 1:colcon.colcon_core.environment:checking '/home/w0x7ce/Desktop/AROSRVIZ/chapt8_ws/fishbot_description/install/fishbot_description/lib/python3.7/site-packages'
[10.680s] Level 1:colcon.colcon_core.shell:create_environment_hook('fishbot_description', 'pythonpath')
[10.689s] INFO:colcon.colcon_core.shell:Creating environment hook '/home/w0x7ce/Desktop/AROSRVIZ/chapt8_ws/fishbot_description/install/fishbot_description/share/fishbot_description/hook/pythonpath.ps1'
[10.690s] INFO:colcon.colcon_core.shell:Creating environment descriptor '/home/w0x7ce/Desktop/AROSRVIZ/chapt8_ws/fishbot_description/install/fishbot_description/share/fishbot_description/hook/pythonpath.dsv'
[10.690s] INFO:colcon.colcon_core.shell:Creating environment hook '/home/w0x7ce/Desktop/AROSRVIZ/chapt8_ws/fishbot_description/install/fishbot_description/share/fishbot_description/hook/pythonpath.sh'
[10.691s] Level 1:colcon.colcon_core.environment:checking '/home/w0x7ce/Desktop/AROSRVIZ/chapt8_ws/fishbot_description/install/fishbot_description/bin'
[10.691s] Level 1:colcon.colcon_core.environment:create_environment_scripts_only(fishbot_description)
[10.700s] INFO:colcon.colcon_core.shell:Creating package script '/home/w0x7ce/Desktop/AROSRVIZ/chapt8_ws/fishbot_description/install/fishbot_description/share/fishbot_description/package.ps1'
[10.718s] INFO:colcon.colcon_core.shell:Creating package descriptor '/home/w0x7ce/Desktop/AROSRVIZ/chapt8_ws/fishbot_description/install/fishbot_description/share/fishbot_description/package.dsv'
[10.733s] INFO:colcon.colcon_core.shell:Creating package script '/home/w0x7ce/Desktop/AROSRVIZ/chapt8_ws/fishbot_description/install/fishbot_description/share/fishbot_description/package.sh'
[10.742s] INFO:colcon.colcon_core.shell:Creating package script '/home/w0x7ce/Desktop/AROSRVIZ/chapt8_ws/fishbot_description/install/fishbot_description/share/fishbot_description/package.bash'
[10.760s] INFO:colcon.colcon_core.shell:Creating package script '/home/w0x7ce/Desktop/AROSRVIZ/chapt8_ws/fishbot_description/install/fishbot_description/share/fishbot_description/package.zsh'
[10.773s] Level 1:colcon.colcon_core.environment:create_file_with_runtime_dependencies(/home/w0x7ce/Desktop/AROSRVIZ/chapt8_ws/fishbot_description/install/fishbot_description/share/colcon-core/packages/fishbot_description)
[10.773s] DEBUG:colcon.colcon_parallel_executor.executor.parallel:closing loop
[10.774s] DEBUG:colcon.colcon_parallel_executor.executor.parallel:loop closed
[10.774s] DEBUG:colcon.colcon_parallel_executor.executor.parallel:run_until_complete finished with '0'
[10.774s] DEBUG:colcon.colcon_core.event_reactor:joining thread
[10.936s] INFO:colcon.colcon_core.plugin_system:Skipping extension 'colcon_notification.desktop_notification.notify2': 'notify2' not found
[10.937s] INFO:colcon.colcon_core.plugin_system:Skipping extension 'colcon_notification.desktop_notification.terminal_notifier': Not used on non-Darwin systems
[10.937s] INFO:colcon.colcon_core.plugin_system:Skipping extension 'colcon_notification.desktop_notification.win32': Not used on non-Windows systems
[10.938s] INFO:colcon.colcon_notification.desktop_notification:Sending desktop notification using 'notify_send'
[11.004s] DEBUG:colcon.colcon_core.event_reactor:joined thread
[11.022s] INFO:colcon.colcon_core.shell:Creating prefix script '/home/w0x7ce/Desktop/AROSRVIZ/chapt8_ws/fishbot_description/install/local_setup.ps1'
[11.045s] INFO:colcon.colcon_core.shell:Creating prefix util module '/home/w0x7ce/Desktop/AROSRVIZ/chapt8_ws/fishbot_description/install/_local_setup_util_ps1.py'
[11.183s] INFO:colcon.colcon_core.shell:Creating prefix chain script '/home/w0x7ce/Desktop/AROSRVIZ/chapt8_ws/fishbot_description/install/setup.ps1'
[11.227s] INFO:colcon.colcon_core.shell:Creating prefix script '/home/w0x7ce/Desktop/AROSRVIZ/chapt8_ws/fishbot_description/install/local_setup.sh'
[11.341s] INFO:colcon.colcon_core.shell:Creating prefix util module '/home/w0x7ce/Desktop/AROSRVIZ/chapt8_ws/fishbot_description/install/_local_setup_util_sh.py'
[11.393s] INFO:colcon.colcon_core.shell:Creating prefix chain script '/home/w0x7ce/Desktop/AROSRVIZ/chapt8_ws/fishbot_description/install/setup.sh'
[11.463s] INFO:colcon.colcon_core.shell:Creating prefix script '/home/w0x7ce/Desktop/AROSRVIZ/chapt8_ws/fishbot_description/install/local_setup.bash'
[11.464s] INFO:colcon.colcon_core.shell:Creating prefix chain script '/home/w0x7ce/Desktop/AROSRVIZ/chapt8_ws/fishbot_description/install/setup.bash'
[11.625s] INFO:colcon.colcon_core.shell:Creating prefix script '/home/w0x7ce/Desktop/AROSRVIZ/chapt8_ws/fishbot_description/install/local_setup.zsh'
[11.670s] INFO:colcon.colcon_core.shell:Creating prefix chain script '/home/w0x7ce/Desktop/AROSRVIZ/chapt8_ws/fishbot_description/install/setup.zsh'
