[0.879s] DEBUG:colcon:Command line arguments: ['/home/w0x7ce/.local/bin/colcon', 'build']
[0.879s] DEBUG:colcon:Parsed command line arguments: Namespace(ament_cmake_args=None, base_paths=['.'], build_base='build', catkin_cmake_args=None, catkin_skip_building_tests=False, cmake_args=None, cmake_clean_cache=False, cmake_clean_first=False, cmake_force_configure=False, cmake_target=None, cmake_target_skip_unavailable=False, continue_on_error=False, event_handlers=None, executor='parallel', ignore_user_meta=False, install_base='install', log_base=None, log_level=None, main=<bound method BuildVerb.main of <colcon_core.verb.build.BuildVerb object at 0x7f9d38df7e50>>, merge_install=False, metas=['./colcon.meta'], packages_above=None, packages_above_and_dependencies=None, packages_above_depth=None, packages_end=None, packages_ignore=None, packages_ignore_regex=None, packages_select=None, packages_select_build_failed=False, packages_select_by_dep=None, packages_select_regex=None, packages_select_test_failures=False, packages_skip=None, packages_skip_build_finished=False, packages_skip_by_dep=None, packages_skip_regex=None, packages_skip_test_passed=False, packages_skip_up_to=None, packages_start=None, packages_up_to=None, packages_up_to_regex=None, parallel_workers=4, paths=None, symlink_install=False, test_result_base=None, verb_extension=<colcon_core.verb.build.BuildVerb object at 0x7f9d38df7e50>, verb_name='build', verb_parser=<colcon_defaults.argument_parser.defaults.DefaultArgumentsDecorator object at 0x7f9d38d5a050>)
[0.935s] Level 1:colcon.colcon_core.package_discovery:discover_packages(colcon_meta) check parameters
[0.935s] Level 1:colcon.colcon_core.package_discovery:discover_packages(recursive) check parameters
[0.935s] Level 1:colcon.colcon_core.package_discovery:discover_packages(ignore) check parameters
[0.935s] Level 1:colcon.colcon_core.package_discovery:discover_packages(path) check parameters
[0.935s] Level 1:colcon.colcon_core.package_discovery:discover_packages(colcon_meta) discover
[0.936s] Level 1:colcon.colcon_core.package_discovery:discover_packages(recursive) discover
[0.936s] INFO:colcon.colcon_core.package_discovery:Crawling recursively for packages in '/home/w0x7ce/Desktop/AROSRVIZ/chapt8_ws/fishbot_description'
[0.936s] Level 1:colcon.colcon_core.package_identification:_identify(.) by extensions ['ignore', 'ignore_ament_install']
[0.936s] Level 1:colcon.colcon_core.package_identification:_identify(.) by extension 'ignore'
[0.936s] Level 1:colcon.colcon_core.package_identification:_identify(.) by extension 'ignore_ament_install'
[0.936s] Level 1:colcon.colcon_core.package_identification:_identify(.) by extensions ['colcon_pkg']
[0.936s] Level 1:colcon.colcon_core.package_identification:_identify(.) by extension 'colcon_pkg'
[0.936s] Level 1:colcon.colcon_core.package_identification:_identify(.) by extensions ['colcon_meta']
[0.936s] Level 1:colcon.colcon_core.package_identification:_identify(.) by extension 'colcon_meta'
[0.936s] Level 1:colcon.colcon_core.package_identification:_identify(.) by extensions ['ros']
[0.936s] Level 1:colcon.colcon_core.package_identification:_identify(.) by extension 'ros'
[0.959s] DEBUG:colcon.colcon_core.package_identification:Package '.' with type 'ros.ament_python' and name 'fishbot_description'
[0.959s] Level 1:colcon.colcon_core.package_discovery:discover_packages(recursive) using defaults
[0.960s] Level 1:colcon.colcon_core.package_discovery:discover_packages(ignore) discover
[0.960s] Level 1:colcon.colcon_core.package_discovery:discover_packages(ignore) using defaults
[0.960s] Level 1:colcon.colcon_core.package_discovery:discover_packages(path) discover
[0.960s] Level 1:colcon.colcon_core.package_discovery:discover_packages(path) using defaults
[1.032s] Level 5:colcon.colcon_core.verb:set package 'fishbot_description' build argument 'cmake_args' from command line to 'None'
[1.032s] Level 5:colcon.colcon_core.verb:set package 'fishbot_description' build argument 'cmake_target' from command line to 'None'
[1.032s] Level 5:colcon.colcon_core.verb:set package 'fishbot_description' build argument 'cmake_target_skip_unavailable' from command line to 'False'
[1.032s] Level 5:colcon.colcon_core.verb:set package 'fishbot_description' build argument 'cmake_clean_cache' from command line to 'False'
[1.032s] Level 5:colcon.colcon_core.verb:set package 'fishbot_description' build argument 'cmake_clean_first' from command line to 'False'
[1.032s] Level 5:colcon.colcon_core.verb:set package 'fishbot_description' build argument 'cmake_force_configure' from command line to 'False'
[1.032s] Level 5:colcon.colcon_core.verb:set package 'fishbot_description' build argument 'ament_cmake_args' from command line to 'None'
[1.032s] Level 5:colcon.colcon_core.verb:set package 'fishbot_description' build argument 'catkin_cmake_args' from command line to 'None'
[1.032s] Level 5:colcon.colcon_core.verb:set package 'fishbot_description' build argument 'catkin_skip_building_tests' from command line to 'False'
[1.032s] DEBUG:colcon.colcon_core.verb:Building package 'fishbot_description' with the following arguments: {'ament_cmake_args': None, 'build_base': '/home/w0x7ce/Desktop/AROSRVIZ/chapt8_ws/fishbot_description/build/fishbot_description', 'catkin_cmake_args': None, 'catkin_skip_building_tests': False, 'cmake_args': None, 'cmake_clean_cache': False, 'cmake_clean_first': False, 'cmake_force_configure': False, 'cmake_target': None, 'cmake_target_skip_unavailable': False, 'install_base': '/home/w0x7ce/Desktop/AROSRVIZ/chapt8_ws/fishbot_description/install/fishbot_description', 'merge_install': False, 'path': '/home/w0x7ce/Desktop/AROSRVIZ/chapt8_ws/fishbot_description', 'symlink_install': False, 'test_result_base': None}
[1.035s] INFO:colcon.colcon_core.executor:Executing jobs using 'parallel' executor
[1.058s] DEBUG:colcon.colcon_parallel_executor.executor.parallel:run_until_complete
[1.059s] INFO:colcon.colcon_ros.task.ament_python.build:Building ROS package in '/home/w0x7ce/Desktop/AROSRVIZ/chapt8_ws/fishbot_description' with build type 'ament_python'
[1.059s] Level 1:colcon.colcon_core.shell:create_environment_hook('fishbot_description', 'ament_prefix_path')
[1.072s] INFO:colcon.colcon_core.plugin_system:Skipping extension 'colcon_core.shell.bat': Not used on non-Windows systems
[1.072s] INFO:colcon.colcon_core.shell:Creating environment hook '/home/w0x7ce/Desktop/AROSRVIZ/chapt8_ws/fishbot_description/install/fishbot_description/share/fishbot_description/hook/ament_prefix_path.ps1'
[1.073s] INFO:colcon.colcon_core.shell:Creating environment descriptor '/home/w0x7ce/Desktop/AROSRVIZ/chapt8_ws/fishbot_description/install/fishbot_description/share/fishbot_description/hook/ament_prefix_path.dsv'
[1.073s] INFO:colcon.colcon_core.shell:Creating environment hook '/home/w0x7ce/Desktop/AROSRVIZ/chapt8_ws/fishbot_description/install/fishbot_description/share/fishbot_description/hook/ament_prefix_path.sh'
[1.083s] INFO:colcon.colcon_core.shell:Skip shell extension 'powershell' for command environment: Not usable outside of PowerShell
[1.083s] DEBUG:colcon.colcon_core.shell:Skip shell extension 'dsv' for command environment
[1.448s] INFO:colcon.colcon_core.task.python.build:Building Python package in '/home/w0x7ce/Desktop/AROSRVIZ/chapt8_ws/fishbot_description'
[1.458s] INFO:colcon.colcon_core.shell:Skip shell extension 'powershell' for command environment: Not usable outside of PowerShell
[1.458s] DEBUG:colcon.colcon_core.shell:Skip shell extension 'dsv' for command environment
[2.014s] DEBUG:colcon.colcon_core.event_handler.log_command:Invoking command in '/home/w0x7ce/Desktop/AROSRVIZ/chapt8_ws/fishbot_description': PYTHONPATH=/home/w0x7ce/Desktop/AROSRVIZ/chapt8_ws/fishbot_description/install/fishbot_description/lib/python3.7/site-packages:${PYTHONPATH} /home/w0x7ce/anaconda3/envs/AA/bin/python setup.py egg_info --egg-base build/fishbot_description build --build-base /home/w0x7ce/Desktop/AROSRVIZ/chapt8_ws/fishbot_description/build/fishbot_description/build install --prefix /home/w0x7ce/Desktop/AROSRVIZ/chapt8_ws/fishbot_description/install/fishbot_description --record /home/w0x7ce/Desktop/AROSRVIZ/chapt8_ws/fishbot_description/build/fishbot_description/install.log --single-version-externally-managed
[2.521s] DEBUG:colcon.colcon_core.event_handler.log_command:Invoked command in '/home/w0x7ce/Desktop/AROSRVIZ/chapt8_ws/fishbot_description' returned '0': PYTHONPATH=/home/w0x7ce/Desktop/AROSRVIZ/chapt8_ws/fishbot_description/install/fishbot_description/lib/python3.7/site-packages:${PYTHONPATH} /home/w0x7ce/anaconda3/envs/AA/bin/python setup.py egg_info --egg-base build/fishbot_description build --build-base /home/w0x7ce/Desktop/AROSRVIZ/chapt8_ws/fishbot_description/build/fishbot_description/build install --prefix /home/w0x7ce/Desktop/AROSRVIZ/chapt8_ws/fishbot_description/install/fishbot_description --record /home/w0x7ce/Desktop/AROSRVIZ/chapt8_ws/fishbot_description/build/fishbot_description/install.log --single-version-externally-managed
[2.533s] Level 1:colcon.colcon_core.environment:checking '/home/w0x7ce/Desktop/AROSRVIZ/chapt8_ws/fishbot_description/install/fishbot_description' for CMake module files
[2.533s] Level 1:colcon.colcon_core.environment:checking '/home/w0x7ce/Desktop/AROSRVIZ/chapt8_ws/fishbot_description/install/fishbot_description' for CMake config files
[2.534s] Level 1:colcon.colcon_core.environment:checking '/home/w0x7ce/Desktop/AROSRVIZ/chapt8_ws/fishbot_description/install/fishbot_description/lib'
[2.534s] Level 1:colcon.colcon_core.environment:checking '/home/w0x7ce/Desktop/AROSRVIZ/chapt8_ws/fishbot_description/install/fishbot_description/bin'
[2.534s] Level 1:colcon.colcon_core.environment:checking '/home/w0x7ce/Desktop/AROSRVIZ/chapt8_ws/fishbot_description/install/fishbot_description/lib/pkgconfig/fishbot_description.pc'
[2.534s] Level 1:colcon.colcon_core.environment:checking '/home/w0x7ce/Desktop/AROSRVIZ/chapt8_ws/fishbot_description/install/fishbot_description/lib/python3.7/site-packages'
[2.535s] Level 1:colcon.colcon_core.shell:create_environment_hook('fishbot_description', 'pythonpath')
[2.543s] INFO:colcon.colcon_core.shell:Creating environment hook '/home/w0x7ce/Desktop/AROSRVIZ/chapt8_ws/fishbot_description/install/fishbot_description/share/fishbot_description/hook/pythonpath.ps1'
[2.544s] INFO:colcon.colcon_core.shell:Creating environment descriptor '/home/w0x7ce/Desktop/AROSRVIZ/chapt8_ws/fishbot_description/install/fishbot_description/share/fishbot_description/hook/pythonpath.dsv'
[2.544s] INFO:colcon.colcon_core.shell:Creating environment hook '/home/w0x7ce/Desktop/AROSRVIZ/chapt8_ws/fishbot_description/install/fishbot_description/share/fishbot_description/hook/pythonpath.sh'
[2.545s] Level 1:colcon.colcon_core.environment:checking '/home/w0x7ce/Desktop/AROSRVIZ/chapt8_ws/fishbot_description/install/fishbot_description/bin'
[2.545s] Level 1:colcon.colcon_core.environment:create_environment_scripts_only(fishbot_description)
[2.554s] INFO:colcon.colcon_core.shell:Creating package script '/home/w0x7ce/Desktop/AROSRVIZ/chapt8_ws/fishbot_description/install/fishbot_description/share/fishbot_description/package.ps1'
[2.555s] INFO:colcon.colcon_core.shell:Creating package descriptor '/home/w0x7ce/Desktop/AROSRVIZ/chapt8_ws/fishbot_description/install/fishbot_description/share/fishbot_description/package.dsv'
[2.555s] INFO:colcon.colcon_core.shell:Creating package script '/home/w0x7ce/Desktop/AROSRVIZ/chapt8_ws/fishbot_description/install/fishbot_description/share/fishbot_description/package.sh'
[2.556s] INFO:colcon.colcon_core.shell:Creating package script '/home/w0x7ce/Desktop/AROSRVIZ/chapt8_ws/fishbot_description/install/fishbot_description/share/fishbot_description/package.bash'
[2.557s] INFO:colcon.colcon_core.shell:Creating package script '/home/w0x7ce/Desktop/AROSRVIZ/chapt8_ws/fishbot_description/install/fishbot_description/share/fishbot_description/package.zsh'
[2.558s] Level 1:colcon.colcon_core.environment:create_file_with_runtime_dependencies(/home/w0x7ce/Desktop/AROSRVIZ/chapt8_ws/fishbot_description/install/fishbot_description/share/colcon-core/packages/fishbot_description)
[2.558s] DEBUG:colcon.colcon_parallel_executor.executor.parallel:closing loop
[2.558s] DEBUG:colcon.colcon_parallel_executor.executor.parallel:loop closed
[2.558s] DEBUG:colcon.colcon_parallel_executor.executor.parallel:run_until_complete finished with '0'
[2.559s] DEBUG:colcon.colcon_core.event_reactor:joining thread
[2.567s] INFO:colcon.colcon_core.plugin_system:Skipping extension 'colcon_notification.desktop_notification.notify2': 'notify2' not found
[2.567s] INFO:colcon.colcon_core.plugin_system:Skipping extension 'colcon_notification.desktop_notification.terminal_notifier': Not used on non-Darwin systems
[2.567s] INFO:colcon.colcon_core.plugin_system:Skipping extension 'colcon_notification.desktop_notification.win32': Not used on non-Windows systems
[2.567s] INFO:colcon.colcon_notification.desktop_notification:Sending desktop notification using 'notify_send'
[2.593s] DEBUG:colcon.colcon_core.event_reactor:joined thread
[2.605s] INFO:colcon.colcon_core.shell:Creating prefix script '/home/w0x7ce/Desktop/AROSRVIZ/chapt8_ws/fishbot_description/install/local_setup.ps1'
[2.606s] INFO:colcon.colcon_core.shell:Creating prefix util module '/home/w0x7ce/Desktop/AROSRVIZ/chapt8_ws/fishbot_description/install/_local_setup_util_ps1.py'
[2.608s] INFO:colcon.colcon_core.shell:Creating prefix chain script '/home/w0x7ce/Desktop/AROSRVIZ/chapt8_ws/fishbot_description/install/setup.ps1'
[2.619s] INFO:colcon.colcon_core.shell:Creating prefix script '/home/w0x7ce/Desktop/AROSRVIZ/chapt8_ws/fishbot_description/install/local_setup.sh'
[2.620s] INFO:colcon.colcon_core.shell:Creating prefix util module '/home/w0x7ce/Desktop/AROSRVIZ/chapt8_ws/fishbot_description/install/_local_setup_util_sh.py'
[2.620s] INFO:colcon.colcon_core.shell:Creating prefix chain script '/home/w0x7ce/Desktop/AROSRVIZ/chapt8_ws/fishbot_description/install/setup.sh'
[2.631s] INFO:colcon.colcon_core.shell:Creating prefix script '/home/w0x7ce/Desktop/AROSRVIZ/chapt8_ws/fishbot_description/install/local_setup.bash'
[2.632s] INFO:colcon.colcon_core.shell:Creating prefix chain script '/home/w0x7ce/Desktop/AROSRVIZ/chapt8_ws/fishbot_description/install/setup.bash'
[2.645s] INFO:colcon.colcon_core.shell:Creating prefix script '/home/w0x7ce/Desktop/AROSRVIZ/chapt8_ws/fishbot_description/install/local_setup.zsh'
[2.646s] INFO:colcon.colcon_core.shell:Creating prefix chain script '/home/w0x7ce/Desktop/AROSRVIZ/chapt8_ws/fishbot_description/install/setup.zsh'
