[0.770s] Invoking command in '/home/w0x7ce/Desktop/AROSRVIZ/chapt8_ws/fishbot_description': PYTHONPATH=/home/w0x7ce/Desktop/AROSRVIZ/chapt8_ws/fishbot_description/build/fishbot_description/prefix_override:/home/w0x7ce/Desktop/AROSRVIZ/chapt8_ws/fishbot_description/install/fishbot_description/lib/python3.10/site-packages: /usr/bin/python3 setup.py egg_info --egg-base build/fishbot_description build --build-base /home/w0x7ce/Desktop/AROSRVIZ/chapt8_ws/fishbot_description/build/fishbot_description/build install --record /home/w0x7ce/Desktop/AROSRVIZ/chapt8_ws/fishbot_description/build/fishbot_description/install.log --single-version-externally-managed
[0.937s] running egg_info
[0.938s] writing build/fishbot_description/fishbot_description.egg-info/PKG-INFO
[1.062s] writing dependency_links to build/fishbot_description/fishbot_description.egg-info/dependency_links.txt
[1.063s] writing entry points to build/fishbot_description/fishbot_description.egg-info/entry_points.txt
[1.064s] writing requirements to build/fishbot_description/fishbot_description.egg-info/requires.txt
[1.064s] writing top-level names to build/fishbot_description/fishbot_description.egg-info/top_level.txt
[1.068s] reading manifest file 'build/fishbot_description/fishbot_description.egg-info/SOURCES.txt'
[1.070s] writing manifest file 'build/fishbot_description/fishbot_description.egg-info/SOURCES.txt'
[1.070s] running build
[1.070s] running build_py
[1.070s] copying fishbot_description/range.py -> /home/w0x7ce/Desktop/AROSRVIZ/chapt8_ws/fishbot_description/build/fishbot_description/build/lib/fishbot_description
[1.071s] running install
[1.071s] /usr/lib/python3/dist-packages/setuptools/command/install.py:34: SetuptoolsDeprecationWarning: setup.py install is deprecated. Use build and pip and other standards-based tools.
[1.071s]   warnings.warn(
[1.072s] running install_lib
[1.073s] copying /home/w0x7ce/Desktop/AROSRVIZ/chapt8_ws/fishbot_description/build/fishbot_description/build/lib/fishbot_description/range.py -> /home/w0x7ce/Desktop/AROSRVIZ/chapt8_ws/fishbot_description/install/fishbot_description/lib/python3.10/site-packages/fishbot_description
[1.074s] byte-compiling /home/w0x7ce/Desktop/AROSRVIZ/chapt8_ws/fishbot_description/install/fishbot_description/lib/python3.10/site-packages/fishbot_description/range.py to range.cpython-310.pyc
[1.076s] running install_data
[1.077s] running install_egg_info
[1.080s] removing '/home/w0x7ce/Desktop/AROSRVIZ/chapt8_ws/fishbot_description/install/fishbot_description/lib/python3.10/site-packages/fishbot_description-0.0.0-py3.10.egg-info' (and everything under it)
[1.081s] Copying build/fishbot_description/fishbot_description.egg-info to /home/w0x7ce/Desktop/AROSRVIZ/chapt8_ws/fishbot_description/install/fishbot_description/lib/python3.10/site-packages/fishbot_description-0.0.0-py3.10.egg-info
[1.083s] running install_scripts
[1.108s] Installing range script to /home/w0x7ce/Desktop/AROSRVIZ/chapt8_ws/fishbot_description/install/fishbot_description/lib/fishbot_description
[1.109s] Installing rotate_wheel script to /home/w0x7ce/Desktop/AROSRVIZ/chapt8_ws/fishbot_description/install/fishbot_description/lib/fishbot_description
[1.109s] writing list of installed files to '/home/w0x7ce/Desktop/AROSRVIZ/chapt8_ws/fishbot_description/build/fishbot_description/install.log'
[1.134s] Invoked command in '/home/w0x7ce/Desktop/AROSRVIZ/chapt8_ws/fishbot_description' returned '0': PYTHONPATH=/home/w0x7ce/Desktop/AROSRVIZ/chapt8_ws/fishbot_description/build/fishbot_description/prefix_override:/home/w0x7ce/Desktop/AROSRVIZ/chapt8_ws/fishbot_description/install/fishbot_description/lib/python3.10/site-packages: /usr/bin/python3 setup.py egg_info --egg-base build/fishbot_description build --build-base /home/w0x7ce/Desktop/AROSRVIZ/chapt8_ws/fishbot_description/build/fishbot_description/build install --record /home/w0x7ce/Desktop/AROSRVIZ/chapt8_ws/fishbot_description/build/fishbot_description/install.log --single-version-externally-managed
