running egg_info
writing build/fishbot_description/fishbot_description.egg-info/PKG-INFO
writing dependency_links to build/fishbot_description/fishbot_description.egg-info/dependency_links.txt
deleting build/fishbot_description/fishbot_description.egg-info/entry_points.txt
writing requirements to build/fishbot_description/fishbot_description.egg-info/requires.txt
writing top-level names to build/fishbot_description/fishbot_description.egg-info/top_level.txt
reading manifest file 'build/fishbot_description/fishbot_description.egg-info/SOURCES.txt'
writing manifest file 'build/fishbot_description/fishbot_description.egg-info/SOURCES.txt'
running build
running build_py
running install
/home/w0x7ce/anaconda3/envs/AA/lib/python3.7/site-packages/setuptools/command/install.py:37: SetuptoolsDeprecationWarning: setup.py install is deprecated. Use build and pip and other standards-based tools.
  setuptools.SetuptoolsDeprecationWarning,
running install_lib
creating /home/w0x7ce/Desktop/AROSRVIZ/chapt8_ws/fishbot_description/install/fishbot_description/lib/python3.7/site-packages/fishbot_description
copying /home/w0x7ce/Desktop/AROSRVIZ/chapt8_ws/fishbot_description/build/fishbot_description/build/lib/fishbot_description/__init__.py -> /home/w0x7ce/Desktop/AROSRVIZ/chapt8_ws/fishbot_description/install/fishbot_description/lib/python3.7/site-packages/fishbot_description
byte-compiling /home/w0x7ce/Desktop/AROSRVIZ/chapt8_ws/fishbot_description/install/fishbot_description/lib/python3.7/site-packages/fishbot_description/__init__.py to __init__.cpython-37.pyc
running install_data
copying urdf/fishbot_base.urdf -> /home/w0x7ce/Desktop/AROSRVIZ/chapt8_ws/fishbot_description/install/fishbot_description/share/fishbot_description/urdf
running install_egg_info
Copying build/fishbot_description/fishbot_description.egg-info to /home/w0x7ce/Desktop/AROSRVIZ/chapt8_ws/fishbot_description/install/fishbot_description/lib/python3.7/site-packages/fishbot_description-0.0.0-py3.7.egg-info
running install_scripts
writing list of installed files to '/home/w0x7ce/Desktop/AROSRVIZ/chapt8_ws/fishbot_description/build/fishbot_description/install.log'
